<?xml version="1.0" encoding="UTF-8"?>
<!-- Generated by org.testng.reporters.JUnitReportReporter -->
<testsuite hostname="LAPTOP-OMNP3H05" failures="0" tests="4" name="Classwrk_3.Priority" time="12.045" errors="0" timestamp="2023-06-14T21:11:53 IST" skipped="0">
  <testcase classname="Classwrk_3.Priority" name="test2" time="0.009">
    <system-out>
      <![CDATA[Hello world]]>
    </system-out>
  </testcase> <!-- test2 -->
  <testcase classname="Classwrk_3.Priority" name="test" time="3.436"/>
  <testcase classname="Classwrk_3.Priority" name="test" time="4.747"/>
  <testcase classname="Classwrk_3.Priority" name="test" time="3.853"/>
  <system-out>
    <![CDATA[Hello world]]>
  </system-out>
</testsuite> <!-- Classwrk_3.Priority -->
