<?xml version="1.0" encoding="UTF-8"?>
<!-- Generated by org.testng.reporters.JUnitReportReporter -->
<testsuite hostname="LAPTOP-OMNP3H05" failures="0" tests="1" name="Dummy_2.Sample_2" time="6.651" errors="0" timestamp="2023-06-15T10:48:10 IST" skipped="0">
  <testcase classname="Dummy_2.Sample_2" name="test2" time="6.651"/>
</testsuite> <!-- Dummy_2.Sample_2 -->
