<?xml version="1.0" encoding="UTF-8"?>
<!-- Generated by org.testng.reporters.JUnitReportReporter -->
<testsuite hostname="LAPTOP-OMNP3H05" failures="0" tests="4" name="Classwrk_3.invocation_count" time="12.223" errors="0" timestamp="2023-06-14T21:19:04 IST" skipped="0">
  <testcase classname="Classwrk_3.invocation_count" name="test2" time="0.008">
    <system-out>
      <![CDATA[Hello world]]>
    </system-out>
  </testcase> <!-- test2 -->
  <testcase classname="Classwrk_3.invocation_count" name="test" time="4.423"/>
  <testcase classname="Classwrk_3.invocation_count" name="test" time="4.058"/>
  <testcase classname="Classwrk_3.invocation_count" name="test" time="3.734"/>
  <system-out>
    <![CDATA[Hello world]]>
  </system-out>
</testsuite> <!-- Classwrk_3.invocation_count -->
