<?xml version="1.0" encoding="UTF-8"?>
<!-- Generated by org.testng.reporters.JUnitReportReporter -->
<testsuite hostname="LAPTOP-OMNP3H05" failures="0" tests="1" name="Classwrk_3.Demo" time="13.138" errors="0" timestamp="2023-06-13T12:28:28 IST" skipped="0">
  <testcase classname="Classwrk_3.Demo" name="test1" time="13.138"/>
</testsuite> <!-- Classwrk_3.Demo -->
