<?xml version="1.0" encoding="UTF-8"?>
<!-- Generated by org.testng.reporters.JUnitReportReporter -->
<testsuite hostname="LAPTOP-OMNP3H05" failures="0" tests="1" name="Dummy.Sample" time="2.699" errors="0" timestamp="2023-06-15T10:48:10 IST" skipped="0">
  <testcase classname="Dummy.Sample" name="test1" time="2.699"/>
</testsuite> <!-- Dummy.Sample -->
