<?xml version="1.0" encoding="UTF-8"?>
<!-- Generated by org.testng.reporters.JUnitReportReporter -->
<testsuite hostname="LAPTOP-OMNP3H05" failures="0" tests="1" name="TestScript.TestRunner_Using_Generic" time="2.129" errors="0" timestamp="2023-06-21T11:34:56 IST" skipped="0">
  <testcase classname="TestScript.TestRunner_Using_Generic" name="test2" time="2.129"/>
</testsuite> <!-- TestScript.TestRunner_Using_Generic -->
