<?xml version="1.0" encoding="UTF-8"?>
<!-- Generated by org.testng.reporters.JUnitReportReporter -->
<testsuite hostname="LAPTOP-OMNP3H05" failures="0" tests="1" name="TestScript.TestRunner1" time="5.804" errors="0" timestamp="2023-06-20T10:56:14 IST" skipped="0">
  <testcase classname="TestScript.TestRunner1" name="test1" time="5.804"/>
</testsuite> <!-- TestScript.TestRunner1 -->
