<?xml version="1.0" encoding="UTF-8"?>
<!-- Generated by org.testng.reporters.JUnitReportReporter -->
<testsuite hostname="LAPTOP-OMNP3H05" failures="0" tests="1" name="TestScript.TestRunner_Insta" time="3.282" errors="0" timestamp="2023-06-21T11:37:41 IST" skipped="0">
  <testcase classname="TestScript.TestRunner_Insta" name="test4" time="3.282"/>
</testsuite> <!-- TestScript.TestRunner_Insta -->
