<?xml version="1.0" encoding="UTF-8"?>
<!-- Generated by org.testng.reporters.JUnitReportReporter -->
<testsuite hostname="LAPTOP-OMNP3H05" failures="0" tests="1" name="TestScript.TestRunner_FB" time="17.403" errors="0" timestamp="2023-06-21T09:28:12 IST" skipped="0">
  <testcase classname="TestScript.TestRunner_FB" name="test2" time="17.403"/>
</testsuite> <!-- TestScript.TestRunner_FB -->
