<?xml version="1.0" encoding="UTF-8"?>
<!-- Generated by org.testng.reporters.JUnitReportReporter -->
<testsuite hostname="LAPTOP-OMNP3H05" failures="0" tests="1" name="Classwrk_3.Runner_script" time="13.205" errors="0" timestamp="2023-06-14T21:59:43 IST" skipped="0">
  <testcase classname="Classwrk_3.Runner_script" name="fblogin" time="13.205"/>
</testsuite> <!-- Classwrk_3.Runner_script -->
