<?xml version="1.0" encoding="UTF-8"?>
<!-- Generated by org.testng.reporters.JUnitReportReporter -->
<testsuite hostname="LAPTOP-OMNP3H05" failures="0" tests="1" name="Classwrk_3.Handle_partiallyDynamic_title_using_Assert" time="2.488" errors="0" timestamp="2023-06-15T22:25:09 IST" skipped="0">
  <testcase classname="Classwrk_3.Handle_partiallyDynamic_title_using_Assert" name="test" time="2.488"/>
</testsuite> <!-- Classwrk_3.Handle_partiallyDynamic_title_using_Assert -->
