<?xml version="1.0" encoding="UTF-8"?>
<!-- Generated by org.testng.reporters.JUnitReportReporter -->
<testsuite hostname="LAPTOP-OMNP3H05" failures="0" tests="1" name="Classwrk_3.Execute_class_using_generic" time="3.662" errors="0" timestamp="2023-06-15T11:11:43 IST" skipped="0">
  <testcase classname="Classwrk_3.Execute_class_using_generic" name="test2" time="3.662"/>
</testsuite> <!-- Classwrk_3.Execute_class_using_generic -->
