<?xml version="1.0" encoding="UTF-8"?>
<!-- Generated by org.testng.reporters.JUnitReportReporter -->
<testsuite hostname="LAPTOP-OMNP3H05" failures="0" tests="1" name="TestScript.Runner_QA" time="48.612" errors="0" timestamp="2023-06-29T15:14:51 IST" skipped="0">
  <testcase classname="TestScript.Runner_QA" name="test" time="48.612"/>
</testsuite> <!-- TestScript.Runner_QA -->
