<?xml version="1.0" encoding="UTF-8"?>
<!-- Generated by org.testng.reporters.JUnitReportReporter -->
<testsuite hostname="LAPTOP-OMNP3H05" failures="0" tests="3" name="Classwrk_3.depends_on_methods" time="0.012" errors="0" timestamp="2023-06-14T21:43:42 IST" skipped="0">
  <testcase classname="Classwrk_3.depends_on_methods" name="compose" time="0.009">
    <system-out>
      <![CDATA[Hello world]]>
    </system-out>
  </testcase> <!-- compose -->
  <testcase classname="Classwrk_3.depends_on_methods" name="trash" time="0.001">
    <system-out>
      <![CDATA[Hello Hassan]]>
    </system-out>
  </testcase> <!-- trash -->
  <testcase classname="Classwrk_3.depends_on_methods" name="sentItems" time="0.002">
    <system-out>
      <![CDATA[Hello India]]>
    </system-out>
  </testcase> <!-- sentItems -->
  <system-out>
    <![CDATA[Hello world
Hello India
Hello Hassan]]>
  </system-out>
</testsuite> <!-- Classwrk_3.depends_on_methods -->
