<?xml version="1.0" encoding="UTF-8"?>
<!-- Generated by org.testng.reporters.JUnitReportReporter -->
<testsuite hostname="LAPTOP-OMNP3H05" failures="0" tests="1" name="Classwrk_3.TestScript_1" time="0.007" errors="0" timestamp="2023-06-13T11:47:28 IST" skipped="0">
  <testcase classname="Classwrk_3.TestScript_1" name="test1" time="0.007">
    <system-out>
      <![CDATA[Hello world]]>
    </system-out>
  </testcase> <!-- test1 -->
  <system-out>
    <![CDATA[Hello world]]>
  </system-out>
</testsuite> <!-- Classwrk_3.TestScript_1 -->
