<?xml version="1.0" encoding="UTF-8"?>
<!-- Generated by org.testng.reporters.JUnitReportReporter -->
<testsuite hostname="LAPTOP-OMNP3H05" failures="0" tests="2" name="Data_Provider.Data_Provider" time="11.590" errors="0" timestamp="2023-06-30T10:28:40 IST" skipped="0">
  <testcase classname="Data_Provider.Data_Provider" name="validTest" time="3.480"/>
  <testcase classname="Data_Provider.Data_Provider" name="validTest" time="8.110"/>
</testsuite> <!-- Data_Provider.Data_Provider -->
