<?xml version="1.0" encoding="UTF-8"?>
<!-- Generated by org.testng.reporters.JUnitReportReporter -->
<testsuite hostname="LAPTOP-OMNP3H05" failures="0" tests="2" name="Classwrk_3.Enabled_method" time="0.008" errors="0" timestamp="2023-06-14T21:20:13 IST" skipped="1">
  <testcase classname="Classwrk_3.Enabled_method" name="test2" time="0.008">
    <system-out>
      <![CDATA[Hello world]]>
    </system-out>
  </testcase> <!-- test2 -->
  <testcase classname="Classwrk_3.Enabled_method" name="test">
    <skipped/>
  </testcase> <!-- test -->
  <system-out>
    <![CDATA[Hello world]]>
  </system-out>
</testsuite> <!-- Classwrk_3.Enabled_method -->
