<?xml version="1.0" encoding="UTF-8"?>
<!-- Generated by org.testng.reporters.JUnitReportReporter -->
<testsuite hostname="LAPTOP-OMNP3H05" failures="0" tests="2" name="Classwrk_3.Sample" time="7.893" errors="0" timestamp="2023-06-15T11:14:51 IST" skipped="0">
  <testcase classname="Classwrk_3.Sample" name="test" time="3.499"/>
  <testcase classname="Classwrk_3.Sample" name="test2" time="4.394"/>
</testsuite> <!-- Classwrk_3.Sample -->
